Command: C:\Users\saraj\OneDrive\Documents\Documents\thesis\New folder\.venv\Scripts\python.exe -m nbconvert --execute --to html C:\Users\saraj\OneDrive\Documents\Documents\thesis\New folder\AD-Biomarkers-Project\ModelsPipeline.ipynb --output C:\Users\saraj\OneDrive\Documents\Documents\thesis\New folder\wrapper_outputs\AD-Biomarkers-Project\20251223_235353\ModelsPipeline.html
Working dir: C:\Users\saraj\OneDrive\Documents\Documents\thesis\New folder\AD-Biomarkers-Project

[NbConvertApp] Converting notebook C:\Users\saraj\OneDrive\Documents\Documents\thesis\New folder\AD-Biomarkers-Project\ModelsPipeline.ipynb to html
C:\Users\saraj\OneDrive\Documents\Documents\thesis\New folder\.venv\lib\site-packages\zmq\_future.py:718: RuntimeWarning: Proactor event loop does not implement add_reader family of methods required for zmq. Registering an additional selector thread for add_reader support via tornado. Use `asyncio.set_event_loop_policy(WindowsSelectorEventLoopPolicy())` to avoid this warning.
  self._get_loop()
Traceback (most recent call last):
  File "C:\Program Files\Python310\lib\runpy.py", line 196, in _run_module_as_main
    return _run_code(code, main_globals, None,
  File "C:\Program Files\Python310\lib\runpy.py", line 86, in _run_code
    exec(code, run_globals)
  File "C:\Users\saraj\OneDrive\Documents\Documents\thesis\New folder\.venv\lib\site-packages\nbconvert\__main__.py", line 5, in <module>
    main()
  File "C:\Users\saraj\OneDrive\Documents\Documents\thesis\New folder\.venv\lib\site-packages\jupyter_core\application.py", line 284, in launch_instance
    super().launch_instance(argv=argv, **kwargs)
  File "C:\Users\saraj\OneDrive\Documents\Documents\thesis\New folder\.venv\lib\site-packages\traitlets\config\application.py", line 1075, in launch_instance
    app.start()
  File "C:\Users\saraj\OneDrive\Documents\Documents\thesis\New folder\.venv\lib\site-packages\nbconvert\nbconvertapp.py", line 420, in start
    self.convert_notebooks()
  File "C:\Users\saraj\OneDrive\Documents\Documents\thesis\New folder\.venv\lib\site-packages\nbconvert\nbconvertapp.py", line 597, in convert_notebooks
    self.convert_single_notebook(notebook_filename)
  File "C:\Users\saraj\OneDrive\Documents\Documents\thesis\New folder\.venv\lib\site-packages\nbconvert\nbconvertapp.py", line 563, in convert_single_notebook
    output, resources = self.export_single_notebook(
  File "C:\Users\saraj\OneDrive\Documents\Documents\thesis\New folder\.venv\lib\site-packages\nbconvert\nbconvertapp.py", line 487, in export_single_notebook
    output, resources = self.exporter.from_filename(
  File "C:\Users\saraj\OneDrive\Documents\Documents\thesis\New folder\.venv\lib\site-packages\nbconvert\exporters\templateexporter.py", line 390, in from_filename
    return super().from_filename(filename, resources, **kw)  # type:ignore[return-value]
  File "C:\Users\saraj\OneDrive\Documents\Documents\thesis\New folder\.venv\lib\site-packages\nbconvert\exporters\exporter.py", line 201, in from_filename
    return self.from_file(f, resources=resources, **kw)
  File "C:\Users\saraj\OneDrive\Documents\Documents\thesis\New folder\.venv\lib\site-packages\nbconvert\exporters\templateexporter.py", line 396, in from_file
    return super().from_file(file_stream, resources, **kw)  # type:ignore[return-value]
  File "C:\Users\saraj\OneDrive\Documents\Documents\thesis\New folder\.venv\lib\site-packages\nbconvert\exporters\exporter.py", line 220, in from_file
    return self.from_notebook_node(
  File "C:\Users\saraj\OneDrive\Documents\Documents\thesis\New folder\.venv\lib\site-packages\nbconvert\exporters\html.py", line 278, in from_notebook_node
    html, resources = super().from_notebook_node(nb, resources, **kw)
  File "C:\Users\saraj\OneDrive\Documents\Documents\thesis\New folder\.venv\lib\site-packages\nbconvert\exporters\templateexporter.py", line 412, in from_notebook_node
    nb_copy, resources = super().from_notebook_node(nb, resources, **kw)
  File "C:\Users\saraj\OneDrive\Documents\Documents\thesis\New folder\.venv\lib\site-packages\nbconvert\exporters\exporter.py", line 154, in from_notebook_node
    nb_copy, resources = self._preprocess(nb_copy, resources)
  File "C:\Users\saraj\OneDrive\Documents\Documents\thesis\New folder\.venv\lib\site-packages\nbconvert\exporters\exporter.py", line 353, in _preprocess
    nbc, resc = preprocessor(nbc, resc)
  File "C:\Users\saraj\OneDrive\Documents\Documents\thesis\New folder\.venv\lib\site-packages\nbconvert\preprocessors\base.py", line 48, in __call__
    return self.preprocess(nb, resources)
  File "C:\Users\saraj\OneDrive\Documents\Documents\thesis\New folder\.venv\lib\site-packages\nbconvert\preprocessors\execute.py", line 103, in preprocess
    self.preprocess_cell(cell, resources, index)
  File "C:\Users\saraj\OneDrive\Documents\Documents\thesis\New folder\.venv\lib\site-packages\nbconvert\preprocessors\execute.py", line 124, in preprocess_cell
    cell = self.execute_cell(cell, index, store_history=True)
  File "C:\Users\saraj\OneDrive\Documents\Documents\thesis\New folder\.venv\lib\site-packages\jupyter_core\utils\__init__.py", line 165, in wrapped
    return loop.run_until_complete(inner)
  File "C:\Program Files\Python310\lib\asyncio\base_events.py", line 649, in run_until_complete
    return future.result()
  File "C:\Users\saraj\OneDrive\Documents\Documents\thesis\New folder\.venv\lib\site-packages\nbclient\client.py", line 1062, in async_execute_cell
    await self._check_raise_for_error(cell, cell_index, exec_reply)
  File "C:\Users\saraj\OneDrive\Documents\Documents\thesis\New folder\.venv\lib\site-packages\nbclient\client.py", line 918, in _check_raise_for_error
    raise CellExecutionError.from_cell_and_msg(cell, exec_reply_content)
nbclient.exceptions.CellExecutionError: An error occurred while executing the following cell:
------------------
import pandas as pd
import numpy as np
import seaborn as sns
import os
import itertools
from collections import Counter

from combat.pycombat import pycombat

from sklearn.model_selection import GridSearchCV, StratifiedKFold
from skopt import BayesSearchCV
from skopt.space import Real, Categorical, Integer
from sklearn.metrics import accuracy_score, f1_score, confusion_matrix, roc_auc_score, RocCurveDisplay, matthews_corrcoef
from imblearn.over_sampling import SMOTE
import matplotlib.pyplot as plt

from sklearn.linear_model import LogisticRegression, Lasso
from sklearn.ensemble import RandomForestClassifier
from sklearn.preprocessing import StandardScaler, LabelBinarizer
from sklearn.feature_selection import RFE

from xgboost import XGBClassifier
from time import time
from sklearn.impute import SimpleImputer
------------------


[1;31m---------------------------------------------------------------------------[0m
[1;31mModuleNotFoundError[0m                       Traceback (most recent call last)
Cell [1;32mIn[1], line 3[0m
[0;32m      1[0m [38;5;28;01mimport[39;00m[38;5;250m [39m[38;5;21;01mpandas[39;00m[38;5;250m [39m[38;5;28;01mas[39;00m[38;5;250m [39m[38;5;21;01mpd[39;00m
[0;32m      2[0m [38;5;28;01mimport[39;00m[38;5;250m [39m[38;5;21;01mnumpy[39;00m[38;5;250m [39m[38;5;28;01mas[39;00m[38;5;250m [39m[38;5;21;01mnp[39;00m
[1;32m----> 3[0m [38;5;28;01mimport[39;00m[38;5;250m [39m[38;5;21;01mseaborn[39;00m[38;5;250m [39m[38;5;28;01mas[39;00m[38;5;250m [39m[38;5;21;01msns[39;00m
[0;32m      4[0m [38;5;28;01mimport[39;00m[38;5;250m [39m[38;5;21;01mos[39;00m
[0;32m      5[0m [38;5;28;01mimport[39;00m[38;5;250m [39m[38;5;21;01mitertools[39;00m

[1;31mModuleNotFoundError[0m: No module named 'seaborn'

